[2023-05-06 12:45:40] [info] Start Program:
Path:"C:\Users\Tudor\source\repos\POO\Lab8_9-Biblioteca\x64\Debug\Lab8_9-Biblioteca.exe"
Arguments:
Working directory: "C:\Users\Tudor\source\repos\POO\Lab8_9-Biblioteca\Lab8_9-Biblioteca\"
Modules: Selected: C:\Users\Tudor\source\repos\POO\Lab8_9-Biblioteca\x64\Debug\Lab8_9-Biblioteca.exe Excluded: 
Sources: Selected: C:\Users\Tudor\source\repos\POO\Lab8_9-Biblioteca\Lab8_9-Biblioteca Excluded: UI.h UI.cpp Exceptions.h 
Log Level: Normal
Cover Children: 0
Aggregate by file: 1
Continue after C++ exception: 0
Optimized build support: 0
Export: Binary C:\Users\Tudor\AppData\Local\Temp\3yeclhi0.mo4 
Input coverage: 
Unified diff: 
Excluded line regular expressions: 
Substitute pdb source paths: 

[2023-05-06 12:45:40] [info] Module: C:\Users\Tudor\source\repos\POO\Lab8_9-Biblioteca\x64\Debug\Lab8_9-Biblioteca.exe is selected because it matches selected pattern: C:\Users\Tudor\source\repos\POO\Lab8_9-Biblioteca\x64\Debug\Lab8_9-Biblioteca.exe
[2023-05-06 12:45:41] [info] ----------------------------------------------------
[2023-05-06 12:45:41] [info] Coverage binary generated in file: C:\Users\Tudor\AppData\Local\Temp\3yeclhi0.mo4
[2023-05-06 12:45:41] [info] ----------------------------------------------------
