[2023-08-25 20:39:57] [info] Start Program:
Path:"C:\Users\Tudor\source\repos\POO\Lab10_11-BibliotecaGUI\x64\Debug\Lab10_11-BibliotecaGUI.exe"
Arguments:
Working directory: "C:\Users\Tudor\source\repos\POO\Lab10_11-BibliotecaGUI\Lab10_11-BibliotecaGUI\"
Modules: Selected: C:\Users\Tudor\source\repos\POO\Lab10_11-BibliotecaGUI\x64\Debug\Lab10_11-BibliotecaGUI.exe Excluded: 
Sources: Selected: C:\Users\Tudor\source\repos\POO\Lab10_11-BibliotecaGUI\Lab10_11-BibliotecaGUI Excluded: 
Log Level: Normal
Cover Children: 0
Aggregate by file: 1
Continue after C++ exception: 0
Optimized build support: 0
Export: Binary C:\Users\Tudor\AppData\Local\Temp\optmyk4j.luf 
Input coverage: 
Unified diff: 
Excluded line regular expressions: 
Substitute pdb source paths: 

[2023-08-25 20:39:57] [info] Module: C:\Users\Tudor\source\repos\POO\Lab10_11-BibliotecaGUI\x64\Debug\Lab10_11-BibliotecaGUI.exe is selected because it matches selected pattern: C:\Users\Tudor\source\repos\POO\Lab10_11-BibliotecaGUI\x64\Debug\Lab10_11-BibliotecaGUI.exe
[2023-08-25 20:40:04] [info] ----------------------------------------------------
[2023-08-25 20:40:04] [info] Coverage binary generated in file: C:\Users\Tudor\AppData\Local\Temp\optmyk4j.luf
[2023-08-25 20:40:04] [info] ----------------------------------------------------
